2023-01-25 22:07:20 [background-preinit] INFO  o.h.v.i.u.Version                                  - HV000001: Hibernate Validator 6.1.7.Final 
2023-01-25 22:07:20 [restartedMain] INFO  c.v.WebsiteSellClothesApplication                  - Starting WebsiteSellClothesApplication using Java 1.8.0_341 on DESKTOP-EE2PIUG with PID 5420 (C:\Mock\Mock_Project\WebsiteSellClothes\target\classes started by user in C:\Mock\Mock_Project\WebsiteSellClothes) 
2023-01-25 22:07:20 [restartedMain] INFO  c.v.WebsiteSellClothesApplication                  - No active profile set, falling back to default profiles: default 
2023-01-25 22:07:21 [restartedMain] INFO  o.s.b.d.e.DevToolsPropertyDefaultsPostProcessor    - Devtools property defaults active! Set 'spring.devtools.add-properties' to 'false' to disable 
2023-01-25 22:07:21 [restartedMain] INFO  o.s.b.d.e.DevToolsPropertyDefaultsPostProcessor    - For additional web related logging consider setting the 'logging.level.web' property to 'DEBUG' 
2023-01-25 22:07:22 [restartedMain] INFO  o.s.d.r.c.RepositoryConfigurationDelegate          - Bootstrapping Spring Data JPA repositories in DEFAULT mode. 
2023-01-25 22:07:22 [restartedMain] INFO  o.s.d.r.c.RepositoryConfigurationDelegate          - Finished Spring Data repository scanning in 118 ms. Found 14 JPA repository interfaces. 
2023-01-25 22:07:22 [restartedMain] INFO  o.s.c.s.PostProcessorRegistrationDelegate$BeanPostProcessorChecker - Bean 'org.springframework.security.access.expression.method.DefaultMethodSecurityExpressionHandler@2827a7aa' of type [org.springframework.security.access.expression.method.DefaultMethodSecurityExpressionHandler] is not eligible for getting processed by all BeanPostProcessors (for example: not eligible for auto-proxying) 
2023-01-25 22:07:22 [restartedMain] INFO  o.s.c.s.PostProcessorRegistrationDelegate$BeanPostProcessorChecker - Bean 'methodSecurityMetadataSource' of type [org.springframework.security.access.method.DelegatingMethodSecurityMetadataSource] is not eligible for getting processed by all BeanPostProcessors (for example: not eligible for auto-proxying) 
2023-01-25 22:07:23 [restartedMain] INFO  o.s.b.w.e.t.TomcatWebServer                        - Tomcat initialized with port(s): 8080 (http) 
2023-01-25 22:07:23 [restartedMain] INFO  o.a.c.h.Http11NioProtocol                          - Initializing ProtocolHandler ["http-nio-8080"] 
2023-01-25 22:07:23 [restartedMain] INFO  o.a.c.c.StandardService                            - Starting service [Tomcat] 
2023-01-25 22:07:23 [restartedMain] INFO  o.a.c.c.StandardEngine                             - Starting Servlet engine: [Apache Tomcat/9.0.41] 
2023-01-25 22:07:23 [restartedMain] INFO  o.a.c.c.C.[.[.[/]                                  - Initializing Spring embedded WebApplicationContext 
2023-01-25 22:07:23 [restartedMain] INFO  o.s.b.w.s.c.ServletWebServerApplicationContext     - Root WebApplicationContext: initialization completed in 2452 ms 
2023-01-25 22:07:23 [restartedMain] WARN  o.s.b.a.o.j.JpaBaseConfiguration$JpaWebConfiguration - spring.jpa.open-in-view is enabled by default. Therefore, database queries may be performed during view rendering. Explicitly configure spring.jpa.open-in-view to disable this warning 
2023-01-25 22:07:23 [restartedMain] INFO  c.z.h.HikariDataSource                             - HikariPool-1 - Starting... 
2023-01-25 22:07:24 [restartedMain] INFO  c.z.h.HikariDataSource                             - HikariPool-1 - Start completed. 
2023-01-25 22:07:24 [restartedMain] INFO  o.h.j.i.u.LogHelper                                - HHH000204: Processing PersistenceUnitInfo [name: default] 
2023-01-25 22:07:24 [restartedMain] INFO  o.h.Version                                        - HHH000412: Hibernate ORM core version 5.4.27.Final 
2023-01-25 22:07:24 [restartedMain] INFO  o.h.a.c.Version                                    - HCANN000001: Hibernate Commons Annotations {5.1.2.Final} 
2023-01-25 22:07:24 [restartedMain] INFO  o.h.d.Dialect                                      - HHH000400: Using dialect: org.hibernate.dialect.MySQL57Dialect 
2023-01-25 22:07:25 [restartedMain] INFO  o.h.e.t.j.p.i.JtaPlatformInitiator                 - HHH000490: Using JtaPlatform implementation: [org.hibernate.engine.transaction.jta.platform.internal.NoJtaPlatform] 
2023-01-25 22:07:25 [restartedMain] INFO  o.s.o.j.LocalContainerEntityManagerFactoryBean     - Initialized JPA EntityManagerFactory for persistence unit 'default' 
2023-01-25 22:07:27 [restartedMain] INFO  o.s.s.w.DefaultSecurityFilterChain                 - Will secure any request with [org.springframework.security.web.context.request.async.WebAsyncManagerIntegrationFilter@396b9e87, org.springframework.security.web.context.SecurityContextPersistenceFilter@6d8bd124, org.springframework.security.web.header.HeaderWriterFilter@2dd1bc, org.springframework.web.filter.CorsFilter@4e13f7e0, org.springframework.security.web.authentication.logout.LogoutFilter@16c7a10e, com.vti.security.jwt.AuthTokenFilter@1f1cf9da, org.springframework.security.web.authentication.www.BasicAuthenticationFilter@73620675, org.springframework.security.web.savedrequest.RequestCacheAwareFilter@436819db, org.springframework.security.web.servletapi.SecurityContextHolderAwareRequestFilter@105250d9, org.springframework.security.web.authentication.AnonymousAuthenticationFilter@17fee937, org.springframework.security.web.session.SessionManagementFilter@2ba57f8c, org.springframework.security.web.access.ExceptionTranslationFilter@43f64368, org.springframework.security.web.access.intercept.FilterSecurityInterceptor@5760fb5b] 
2023-01-25 22:07:27 [restartedMain] INFO  o.s.s.c.ThreadPoolTaskExecutor                     - Initializing ExecutorService 'applicationTaskExecutor' 
2023-01-25 22:07:27 [restartedMain] INFO  o.s.b.d.a.OptionalLiveReloadServer                 - LiveReload server is running on port 35729 
2023-01-25 22:07:27 [restartedMain] INFO  o.a.c.h.Http11NioProtocol                          - Starting ProtocolHandler ["http-nio-8080"] 
2023-01-25 22:07:27 [restartedMain] INFO  o.s.b.w.e.t.TomcatWebServer                        - Tomcat started on port(s): 8080 (http) with context path '' 
2023-01-25 22:07:28 [restartedMain] INFO  c.v.WebsiteSellClothesApplication                  - Started WebsiteSellClothesApplication in 7.796 seconds (JVM running for 9.772) 
2023-01-25 22:07:36 [http-nio-8080-exec-2] INFO  o.a.c.c.C.[.[.[/]                                  - Initializing Spring DispatcherServlet 'dispatcherServlet' 
2023-01-25 22:07:36 [http-nio-8080-exec-2] INFO  o.s.w.s.DispatcherServlet                          - Initializing Servlet 'dispatcherServlet' 
2023-01-25 22:07:36 [http-nio-8080-exec-2] INFO  o.s.w.s.DispatcherServlet                          - Completed initialization in 2 ms 
2023-01-25 22:07:37 [http-nio-8080-exec-2] DEBUG o.h.SQL                                            - 
    select
        user0_.userId as userid1_5_,
        user0_.address as address2_5_,
        user0_.email as email3_5_,
        user0_.firstName as firstnam4_5_,
        user0_.lastName as lastname5_5_,
        user0_.`password` as password6_5_,
        user0_.phoneNumber as phonenum7_5_,
        user0_.roleId as roleid10_5_,
        user0_.`status` as status8_5_,
        user0_.userName as username9_5_,
        concat(user0_.firstName,
        ' ',
        user0_.lastName) as formula1_ 
    from
        `User` user0_ 
    where
        user0_.userName=? 
2023-01-25 22:07:37 [http-nio-8080-exec-2] TRACE o.h.t.d.s.BasicBinder                              - binding parameter [1] as [VARCHAR] - [tuanvti12344] 
2023-01-25 22:07:37 [http-nio-8080-exec-2] DEBUG o.h.SQL                                            - 
    select
        role0_.roleId as roleid1_4_0_,
        role0_.roleName as rolename2_4_0_ 
    from
        `Role` role0_ 
    where
        role0_.roleId=? 
2023-01-25 22:07:37 [http-nio-8080-exec-2] TRACE o.h.t.d.s.BasicBinder                              - binding parameter [1] as [SMALLINT] - [3] 
2023-01-25 22:07:37 [http-nio-8080-exec-2] DEBUG o.h.SQL                                            - 
    select
        user0_.userId as userid1_5_,
        user0_.address as address2_5_,
        user0_.email as email3_5_,
        user0_.firstName as firstnam4_5_,
        user0_.lastName as lastname5_5_,
        user0_.`password` as password6_5_,
        user0_.phoneNumber as phonenum7_5_,
        user0_.roleId as roleid10_5_,
        user0_.`status` as status8_5_,
        user0_.userName as username9_5_,
        concat(user0_.firstName,
        ' ',
        user0_.lastName) as formula1_ 
    from
        `User` user0_ 
    where
        user0_.userName=? 
2023-01-25 22:07:37 [http-nio-8080-exec-2] TRACE o.h.t.d.s.BasicBinder                              - binding parameter [1] as [VARCHAR] - [tuanvti12344] 
2023-01-25 22:07:37 [http-nio-8080-exec-2] DEBUG o.h.SQL                                            - 
    select
        role0_.roleId as roleid1_4_0_,
        role0_.roleName as rolename2_4_0_ 
    from
        `Role` role0_ 
    where
        role0_.roleId=? 
2023-01-25 22:07:37 [http-nio-8080-exec-2] TRACE o.h.t.d.s.BasicBinder                              - binding parameter [1] as [SMALLINT] - [3] 
2023-01-25 22:07:37 [http-nio-8080-exec-2] DEBUG o.h.SQL                                            - 
    select
        cart0_.productId as producti1_6_,
        cart0_.userId as userid2_6_,
        cart0_.quantity as quantity3_6_ 
    from
        Cart cart0_ 
    left outer join
        `User` user1_ 
            on cart0_.userId=user1_.userId 
    left outer join
        Product product2_ 
            on cart0_.productId=product2_.productId 
    where
        user1_.userId=? 
        and product2_.productId=? 
2023-01-25 22:07:37 [http-nio-8080-exec-2] TRACE o.h.t.d.s.BasicBinder                              - binding parameter [1] as [INTEGER] - [7] 
2023-01-25 22:07:37 [http-nio-8080-exec-2] TRACE o.h.t.d.s.BasicBinder                              - binding parameter [2] as [INTEGER] - [3] 
2023-01-25 22:07:37 [http-nio-8080-exec-2] DEBUG o.h.SQL                                            - 
    select
        cart0_.productId as producti1_6_0_,
        cart0_.userId as userid2_6_0_,
        cart0_.quantity as quantity3_6_0_ 
    from
        Cart cart0_ 
    where
        cart0_.productId=? 
        and cart0_.userId=? 
2023-01-25 22:07:37 [http-nio-8080-exec-2] TRACE o.h.t.d.s.BasicBinder                              - binding parameter [1] as [INTEGER] - [3] 
2023-01-25 22:07:37 [http-nio-8080-exec-2] TRACE o.h.t.d.s.BasicBinder                              - binding parameter [2] as [INTEGER] - [7] 
2023-01-25 22:07:37 [http-nio-8080-exec-2] DEBUG o.h.SQL                                            - 
    select
        product0_.productId as producti1_12_0_,
        product0_.amount as amount2_12_0_,
        product0_.catalogId as catalog11_12_0_,
        product0_.updateDate as updateda3_12_0_,
        product0_.`describe` as describe4_12_0_,
        product0_.imageId as imageid12_12_0_,
        product0_.productName as productn5_12_0_,
        product0_.price as price6_12_0_,
        product0_.purchase_Price as purchase7_12_0_,
        product0_.review as review8_12_0_,
        product0_.salePrice as salepric9_12_0_,
        product0_.size as size10_12_0_,
        catalog1_.catalogId as catalogi1_7_1_,
        catalog1_.image as image2_7_1_,
        catalog1_.`name` as name3_7_1_,
        image2_.imageId as imageid1_1_2_,
        image2_.image1 as image2_1_2_,
        image2_.image2 as image3_1_2_,
        image2_.image3 as image4_1_2_,
        image2_.image4 as image5_1_2_,
        image2_.image5 as image6_1_2_,
        image2_.image6 as image7_1_2_ 
    from
        Product product0_ 
    left outer join
        Catalog catalog1_ 
            on product0_.catalogId=catalog1_.catalogId 
    inner join
        `Image` image2_ 
            on product0_.imageId=image2_.imageId 
    where
        product0_.productId=? 
2023-01-25 22:07:37 [http-nio-8080-exec-2] TRACE o.h.t.d.s.BasicBinder                              - binding parameter [1] as [INTEGER] - [3] 
2023-01-25 22:07:37 [http-nio-8080-exec-2] DEBUG o.h.SQL                                            - 
    insert 
    into
        Cart
        (quantity, productId, userId) 
    values
        (?, ?, ?) 
2023-01-25 22:07:37 [http-nio-8080-exec-2] TRACE o.h.t.d.s.BasicBinder                              - binding parameter [1] as [INTEGER] - [1] 
2023-01-25 22:07:37 [http-nio-8080-exec-2] TRACE o.h.t.d.s.BasicBinder                              - binding parameter [2] as [INTEGER] - [3] 
2023-01-25 22:07:37 [http-nio-8080-exec-2] TRACE o.h.t.d.s.BasicBinder                              - binding parameter [3] as [INTEGER] - [7] 
2023-01-25 22:07:57 [http-nio-8080-exec-3] DEBUG o.h.SQL                                            - 
    select
        user0_.userId as userid1_5_,
        user0_.address as address2_5_,
        user0_.email as email3_5_,
        user0_.firstName as firstnam4_5_,
        user0_.lastName as lastname5_5_,
        user0_.`password` as password6_5_,
        user0_.phoneNumber as phonenum7_5_,
        user0_.roleId as roleid10_5_,
        user0_.`status` as status8_5_,
        user0_.userName as username9_5_,
        concat(user0_.firstName,
        ' ',
        user0_.lastName) as formula1_ 
    from
        `User` user0_ 
    where
        user0_.userName=? 
2023-01-25 22:07:57 [http-nio-8080-exec-3] TRACE o.h.t.d.s.BasicBinder                              - binding parameter [1] as [VARCHAR] - [tuanvti12344] 
2023-01-25 22:07:57 [http-nio-8080-exec-3] DEBUG o.h.SQL                                            - 
    select
        role0_.roleId as roleid1_4_0_,
        role0_.roleName as rolename2_4_0_ 
    from
        `Role` role0_ 
    where
        role0_.roleId=? 
2023-01-25 22:07:57 [http-nio-8080-exec-3] TRACE o.h.t.d.s.BasicBinder                              - binding parameter [1] as [SMALLINT] - [3] 
2023-01-25 22:07:57 [http-nio-8080-exec-3] DEBUG o.h.SQL                                            - 
    select
        user0_.userId as userid1_5_,
        user0_.address as address2_5_,
        user0_.email as email3_5_,
        user0_.firstName as firstnam4_5_,
        user0_.lastName as lastname5_5_,
        user0_.`password` as password6_5_,
        user0_.phoneNumber as phonenum7_5_,
        user0_.roleId as roleid10_5_,
        user0_.`status` as status8_5_,
        user0_.userName as username9_5_,
        concat(user0_.firstName,
        ' ',
        user0_.lastName) as formula1_ 
    from
        `User` user0_ 
    where
        user0_.userName=? 
2023-01-25 22:07:57 [http-nio-8080-exec-3] TRACE o.h.t.d.s.BasicBinder                              - binding parameter [1] as [VARCHAR] - [tuanvti12344] 
2023-01-25 22:07:57 [http-nio-8080-exec-3] DEBUG o.h.SQL                                            - 
    select
        role0_.roleId as roleid1_4_0_,
        role0_.roleName as rolename2_4_0_ 
    from
        `Role` role0_ 
    where
        role0_.roleId=? 
2023-01-25 22:07:57 [http-nio-8080-exec-3] TRACE o.h.t.d.s.BasicBinder                              - binding parameter [1] as [SMALLINT] - [3] 
2023-01-25 22:07:57 [http-nio-8080-exec-3] DEBUG o.h.SQL                                            - 
    select
        cart0_.productId as producti1_6_,
        cart0_.userId as userid2_6_,
        cart0_.quantity as quantity3_6_ 
    from
        Cart cart0_ 
    left outer join
        `User` user1_ 
            on cart0_.userId=user1_.userId 
    left outer join
        Product product2_ 
            on cart0_.productId=product2_.productId 
    where
        user1_.userId=? 
        and product2_.productId=? 
2023-01-25 22:07:57 [http-nio-8080-exec-3] TRACE o.h.t.d.s.BasicBinder                              - binding parameter [1] as [INTEGER] - [7] 
2023-01-25 22:07:57 [http-nio-8080-exec-3] TRACE o.h.t.d.s.BasicBinder                              - binding parameter [2] as [INTEGER] - [3] 
2023-01-25 22:07:57 [http-nio-8080-exec-3] DEBUG o.h.SQL                                            - 
    select
        product0_.productId as producti1_12_0_,
        product0_.amount as amount2_12_0_,
        product0_.catalogId as catalog11_12_0_,
        product0_.updateDate as updateda3_12_0_,
        product0_.`describe` as describe4_12_0_,
        product0_.imageId as imageid12_12_0_,
        product0_.productName as productn5_12_0_,
        product0_.price as price6_12_0_,
        product0_.purchase_Price as purchase7_12_0_,
        product0_.review as review8_12_0_,
        product0_.salePrice as salepric9_12_0_,
        product0_.size as size10_12_0_,
        catalog1_.catalogId as catalogi1_7_1_,
        catalog1_.image as image2_7_1_,
        catalog1_.`name` as name3_7_1_,
        image2_.imageId as imageid1_1_2_,
        image2_.image1 as image2_1_2_,
        image2_.image2 as image3_1_2_,
        image2_.image3 as image4_1_2_,
        image2_.image4 as image5_1_2_,
        image2_.image5 as image6_1_2_,
        image2_.image6 as image7_1_2_ 
    from
        Product product0_ 
    left outer join
        Catalog catalog1_ 
            on product0_.catalogId=catalog1_.catalogId 
    inner join
        `Image` image2_ 
            on product0_.imageId=image2_.imageId 
    where
        product0_.productId=? 
2023-01-25 22:07:57 [http-nio-8080-exec-3] TRACE o.h.t.d.s.BasicBinder                              - binding parameter [1] as [INTEGER] - [3] 
2023-01-25 22:07:57 [http-nio-8080-exec-3] DEBUG o.h.SQL                                            - 
    update
        Cart 
    set
        quantity=? 
    where
        productId=? 
        and userId=? 
2023-01-25 22:07:57 [http-nio-8080-exec-3] TRACE o.h.t.d.s.BasicBinder                              - binding parameter [1] as [INTEGER] - [2] 
2023-01-25 22:07:57 [http-nio-8080-exec-3] TRACE o.h.t.d.s.BasicBinder                              - binding parameter [2] as [INTEGER] - [3] 
2023-01-25 22:07:57 [http-nio-8080-exec-3] TRACE o.h.t.d.s.BasicBinder                              - binding parameter [3] as [INTEGER] - [7] 
